<?xml version="1.0" encoding="UTF-8"?>
<!-- Generated by org.testng.reporters.JUnitReportReporter -->
<testsuite hostname="kairosHW0404" failures="0" tests="2" name="Runner.NopComRun" time="23.508" errors="0" timestamp="2023-05-24T11:00:21 IST" skipped="0">
  <testcase classname="Runner.NopComRun" name="runScenario" time="13.980"/>
  <system-out/>
  <testcase classname="Runner.NopComRun" name="runScenario" time="9.528"/>
  <system-out/>
</testsuite> <!-- Runner.NopComRun -->
